<?xml version="1.0" encoding="UTF-8"?>
<!-- Generated by org.testng.reporters.JUnitReportReporter -->
<testsuite skipped="0" hostname="LAPTOP-8DAJL6E8" name="com.qa.newtours.test.LoginPageTest" tests="6" failures="0" timestamp="09 Dec 2020 21:57:19 GMT" time="67.739" errors="0">
  <testcase name="verifyLoginPageTitleTest" time="0.501" classname="com.qa.newtours.test.LoginPageTest"/>
  <testcase name="verifyLoginPageTitleTest" time="0.708" classname="com.qa.newtours.test.LoginPageTest"/>
  <testcase name="verifySignUpLinkTest" time="5.824" classname="com.qa.newtours.test.LoginPageTest"/>
  <testcase name="verifySignUpLinkTest" time="23.972" classname="com.qa.newtours.test.LoginPageTest"/>
  <testcase name="loginTest" time="21.213" classname="com.qa.newtours.test.LoginPageTest"/>
  <testcase name="loginTest" time="15.521" classname="com.qa.newtours.test.LoginPageTest"/>
</testsuite> <!-- com.qa.newtours.test.LoginPageTest -->
