<?xml version="1.0" encoding="UTF-8"?>
<!-- Generated by org.testng.reporters.JUnitReportReporter -->
<testsuite skipped="0" hostname="LAPTOP-8DAJL6E8" name="com.qa.newtours.test.RegisterPageTest" tests="4" failures="0" timestamp="11 Dec 2020 04:52:18 GMT" time="48.730" errors="0">
  <testcase name="userRegistrationTest" time="25.670" classname="com.qa.newtours.test.RegisterPageTest"/>
  <testcase name="userRegistrationTest" time="20.891" classname="com.qa.newtours.test.RegisterPageTest"/>
  <testcase name="registrationMessage" time="1.066" classname="com.qa.newtours.test.RegisterPageTest"/>
  <testcase name="registrationMessage" time="1.103" classname="com.qa.newtours.test.RegisterPageTest"/>
</testsuite> <!-- com.qa.newtours.test.RegisterPageTest -->
