<?xml version="1.0" encoding="UTF-8"?>
<!-- Generated by org.testng.reporters.JUnitReportReporter -->
<testsuite skipped="0" hostname="LAPTOP-8DAJL6E8" name="com.qa.newtours.test.RegisterPageTest" tests="4" failures="0" timestamp="10 Dec 2020 21:20:05 GMT" time="35.340" errors="0">
  <testcase name="userRegistrationTest" time="18.002" classname="com.qa.newtours.test.RegisterPageTest"/>
  <testcase name="userRegistrationTest" time="15.342" classname="com.qa.newtours.test.RegisterPageTest"/>
  <testcase name="registrationMessage" time="1.108" classname="com.qa.newtours.test.RegisterPageTest"/>
  <testcase name="registrationMessage" time="0.888" classname="com.qa.newtours.test.RegisterPageTest"/>
</testsuite> <!-- com.qa.newtours.test.RegisterPageTest -->
