<?xml version="1.0" encoding="UTF-8"?>
<!-- Generated by org.testng.reporters.JUnitReportReporter -->
<testsuite skipped="0" hostname="LAPTOP-8DAJL6E8" name="com.qa.newtours.test.LoginPageTest" tests="6" failures="0" timestamp="10 Dec 2020 05:39:46 GMT" time="58.628" errors="0">
  <testcase name="verifyLoginPageTitleTest" time="32.117" classname="com.qa.newtours.test.LoginPageTest"/>
  <testcase name="verifyLoginPageTitleTest" time="0.569" classname="com.qa.newtours.test.LoginPageTest"/>
  <testcase name="verifySignUpLinkTest" time="7.310" classname="com.qa.newtours.test.LoginPageTest"/>
  <testcase name="verifySignUpLinkTest" time="1.581" classname="com.qa.newtours.test.LoginPageTest"/>
  <testcase name="loginTest" time="7.246" classname="com.qa.newtours.test.LoginPageTest"/>
  <testcase name="loginTest" time="9.805" classname="com.qa.newtours.test.LoginPageTest"/>
</testsuite> <!-- com.qa.newtours.test.LoginPageTest -->
