<?xml version="1.0" encoding="UTF-8"?>
<!-- Generated by org.testng.reporters.JUnitReportReporter -->
<testsuite skipped="0" hostname="LAPTOP-8DAJL6E8" name="com.qa.newtours.test.LoginPageTest" tests="6" failures="0" timestamp="11 Dec 2020 05:21:52 GMT" time="23.545" errors="0">
  <testcase name="verifyLoginPageTitleTest" time="0.308" classname="com.qa.newtours.test.LoginPageTest"/>
  <testcase name="verifyLoginPageTitleTest" time="0.072" classname="com.qa.newtours.test.LoginPageTest"/>
  <testcase name="verifySignUpLinkTest" time="4.112" classname="com.qa.newtours.test.LoginPageTest"/>
  <testcase name="verifySignUpLinkTest" time="1.756" classname="com.qa.newtours.test.LoginPageTest"/>
  <testcase name="loginTest" time="11.536" classname="com.qa.newtours.test.LoginPageTest"/>
  <testcase name="loginTest" time="5.761" classname="com.qa.newtours.test.LoginPageTest"/>
</testsuite> <!-- com.qa.newtours.test.LoginPageTest -->
